[21:39:39] [main/INFO]: Setting user: Cobbleopolis
[21:39:43] [Client thread/INFO]: LWJGL Version: 2.9.1
[21:39:52] [Client thread/INFO]: Reloading ResourceManager: Default, FMLFileResourcePack:Forge Mod Loader, FMLFileResourcePack:Minecraft Forge, FMLFileResourcePack:Not Enough Items, FMLFileResourcePack:Luminous Flux, FMLFileResourcePack:examplemod, FMLFileResourcePack:iChunUtil, FMLFileResourcePack:Tabula
[21:39:54] [Sound Library Loader/INFO]: Sound engine started
[21:39:57] [Client thread/ERROR]: Using missing texture, unable to load minecraft:textures/blocks/MISSING_ICON_BLOCK_165_luminousLamp.png
java.io.FileNotFoundException: minecraft:textures/blocks/MISSING_ICON_BLOCK_165_luminousLamp.png
	at net.minecraft.client.resources.FallbackResourceManager.getResource(FallbackResourceManager.java:65) ~[FallbackResourceManager.class:?]
	at net.minecraft.client.resources.SimpleReloadableResourceManager.getResource(SimpleReloadableResourceManager.java:67) ~[SimpleReloadableResourceManager.class:?]
	at net.minecraft.client.renderer.texture.TextureMap.loadTextureAtlas(TextureMap.java:126) [TextureMap.class:?]
	at net.minecraft.client.renderer.texture.TextureMap.loadTexture(TextureMap.java:91) [TextureMap.class:?]
	at net.minecraft.client.renderer.texture.TextureManager.loadTexture(TextureManager.java:89) [TextureManager.class:?]
	at net.minecraft.client.renderer.texture.TextureManager.loadTickableTexture(TextureManager.java:71) [TextureManager.class:?]
	at net.minecraft.client.renderer.texture.TextureManager.loadTextureMap(TextureManager.java:58) [TextureManager.class:?]
	at net.minecraft.client.Minecraft.startGame(Minecraft.java:582) [Minecraft.class:?]
	at net.minecraft.client.Minecraft.run(Minecraft.java:931) [Minecraft.class:?]
	at net.minecraft.client.main.Main.main(Main.java:164) [Main.class:?]
	at sun.reflect.NativeMethodAccessorImpl.invoke0(Native Method) ~[?:1.7.0_10]
	at sun.reflect.NativeMethodAccessorImpl.invoke(NativeMethodAccessorImpl.java:57) ~[?:1.7.0_10]
	at sun.reflect.DelegatingMethodAccessorImpl.invoke(DelegatingMethodAccessorImpl.java:43) ~[?:1.7.0_10]
	at java.lang.reflect.Method.invoke(Method.java:601) ~[?:1.7.0_10]
	at net.minecraft.launchwrapper.Launch.launch(Launch.java:135) [launchwrapper-1.11.jar:?]
	at net.minecraft.launchwrapper.Launch.main(Launch.java:28) [launchwrapper-1.11.jar:?]
	at net.minecraftforge.gradle.GradleStartCommon.launch(GradleStartCommon.java:78) [start/:?]
	at GradleStart.main(GradleStart.java:45) [start/:?]
	at sun.reflect.NativeMethodAccessorImpl.invoke0(Native Method) ~[?:1.7.0_10]
	at sun.reflect.NativeMethodAccessorImpl.invoke(NativeMethodAccessorImpl.java:57) ~[?:1.7.0_10]
	at sun.reflect.DelegatingMethodAccessorImpl.invoke(DelegatingMethodAccessorImpl.java:43) ~[?:1.7.0_10]
	at java.lang.reflect.Method.invoke(Method.java:601) ~[?:1.7.0_10]
	at com.intellij.rt.execution.application.AppMain.main(AppMain.java:134) [idea_rt.jar:?]
[21:39:58] [Client thread/INFO]: Created: 512x256 textures/blocks-atlas
[21:39:58] [Client thread/INFO]: Created: 256x256 textures/items-atlas
[21:39:59] [Client thread/INFO]: Reloading ResourceManager: Default, FMLFileResourcePack:Forge Mod Loader, FMLFileResourcePack:Minecraft Forge, FMLFileResourcePack:Not Enough Items, FMLFileResourcePack:Luminous Flux, FMLFileResourcePack:examplemod, FMLFileResourcePack:iChunUtil, FMLFileResourcePack:Tabula
[21:39:59] [Client thread/INFO]: Created: 256x256 textures/items-atlas
[21:39:59] [Client thread/ERROR]: Using missing texture, unable to load minecraft:textures/blocks/MISSING_ICON_BLOCK_165_luminousLamp.png
java.io.FileNotFoundException: minecraft:textures/blocks/MISSING_ICON_BLOCK_165_luminousLamp.png
	at net.minecraft.client.resources.FallbackResourceManager.getResource(FallbackResourceManager.java:65) ~[FallbackResourceManager.class:?]
	at net.minecraft.client.resources.SimpleReloadableResourceManager.getResource(SimpleReloadableResourceManager.java:67) ~[SimpleReloadableResourceManager.class:?]
	at net.minecraft.client.renderer.texture.TextureMap.loadTextureAtlas(TextureMap.java:126) [TextureMap.class:?]
	at net.minecraft.client.renderer.texture.TextureMap.loadTexture(TextureMap.java:91) [TextureMap.class:?]
	at net.minecraft.client.renderer.texture.TextureManager.loadTexture(TextureManager.java:89) [TextureManager.class:?]
	at net.minecraft.client.renderer.texture.TextureManager.onResourceManagerReload(TextureManager.java:170) [TextureManager.class:?]
	at net.minecraft.client.resources.SimpleReloadableResourceManager.notifyReloadListeners(SimpleReloadableResourceManager.java:134) [SimpleReloadableResourceManager.class:?]
	at net.minecraft.client.resources.SimpleReloadableResourceManager.reloadResources(SimpleReloadableResourceManager.java:118) [SimpleReloadableResourceManager.class:?]
	at net.minecraft.client.Minecraft.refreshResources(Minecraft.java:643) [Minecraft.class:?]
	at cpw.mods.fml.client.FMLClientHandler.finishMinecraftLoading(FMLClientHandler.java:303) [FMLClientHandler.class:?]
	at net.minecraft.client.Minecraft.startGame(Minecraft.java:586) [Minecraft.class:?]
	at net.minecraft.client.Minecraft.run(Minecraft.java:931) [Minecraft.class:?]
	at net.minecraft.client.main.Main.main(Main.java:164) [Main.class:?]
	at sun.reflect.NativeMethodAccessorImpl.invoke0(Native Method) ~[?:1.7.0_10]
	at sun.reflect.NativeMethodAccessorImpl.invoke(NativeMethodAccessorImpl.java:57) ~[?:1.7.0_10]
	at sun.reflect.DelegatingMethodAccessorImpl.invoke(DelegatingMethodAccessorImpl.java:43) ~[?:1.7.0_10]
	at java.lang.reflect.Method.invoke(Method.java:601) ~[?:1.7.0_10]
	at net.minecraft.launchwrapper.Launch.launch(Launch.java:135) [launchwrapper-1.11.jar:?]
	at net.minecraft.launchwrapper.Launch.main(Launch.java:28) [launchwrapper-1.11.jar:?]
	at net.minecraftforge.gradle.GradleStartCommon.launch(GradleStartCommon.java:78) [start/:?]
	at GradleStart.main(GradleStart.java:45) [start/:?]
	at sun.reflect.NativeMethodAccessorImpl.invoke0(Native Method) ~[?:1.7.0_10]
	at sun.reflect.NativeMethodAccessorImpl.invoke(NativeMethodAccessorImpl.java:57) ~[?:1.7.0_10]
	at sun.reflect.DelegatingMethodAccessorImpl.invoke(DelegatingMethodAccessorImpl.java:43) ~[?:1.7.0_10]
	at java.lang.reflect.Method.invoke(Method.java:601) ~[?:1.7.0_10]
	at com.intellij.rt.execution.application.AppMain.main(AppMain.java:134) [idea_rt.jar:?]
[21:40:00] [Client thread/INFO]: Created: 512x256 textures/blocks-atlas
[21:40:01] [Sound Library Loader/INFO]: Sound engine started
[21:40:14] [Server thread/INFO]: Starting integrated minecraft server version 1.7.10
[21:40:14] [Server thread/INFO]: Generating keypair
[21:40:15] [Server thread/INFO]: Preparing start region for level 0
[21:40:16] [Server thread/INFO]: Preparing spawn area: 74%
[21:40:16] [Server thread/INFO]: Changing view distance to 12, from 10
[21:40:17] [Server thread/INFO]: Cobbleopolis[local:E:6ec1177d] logged in with entity id 328 at (-137.32789669692056, 67.0, 239.38347413504047)
[21:40:17] [Server thread/INFO]: Cobbleopolis joined the game
[21:40:19] [Server thread/INFO]: Saving and pausing game...
[21:40:19] [Server thread/INFO]: Saving chunks for level 'New World'/Overworld
[21:40:19] [Server thread/INFO]: Saving chunks for level 'New World'/Nether
[21:40:19] [Server thread/INFO]: Saving chunks for level 'New World'/The End
[21:41:53] [Client thread/INFO]: [CHAT] You are now playing creative+
[21:42:53] [Server thread/INFO]: Saving and pausing game...
[21:42:53] [Server thread/INFO]: Saving chunks for level 'New World'/Overworld
[21:42:53] [Server thread/INFO]: Saving chunks for level 'New World'/Nether
[21:42:53] [Server thread/INFO]: Saving chunks for level 'New World'/The End
[21:42:54] [Server thread/INFO]: Stopping server
[21:42:54] [Server thread/INFO]: Saving players
[21:42:54] [Server thread/INFO]: Saving worlds
[21:42:54] [Server thread/INFO]: Saving chunks for level 'New World'/Overworld
[21:42:54] [Server thread/INFO]: Saving chunks for level 'New World'/Nether
[21:42:54] [Server thread/INFO]: Saving chunks for level 'New World'/The End
[21:42:56] [Client thread/INFO]: Stopping!
